<?xml version="1.0" encoding="UTF-8"?>
<!-- Generated by org.testng.reporters.JUnitReportReporter -->
<testsuite skipped="0" hostname="LAPTOP-8OV7IEGI" name="com.class01.TittleLogoAndLoginValidation" tests="1" failures="0" timestamp="2020-05-19T22:03:43 EDT" time="11.139" errors="0">
  <testcase name="validLogin" time="11.139" classname="com.class01.TittleLogoAndLoginValidation"/>
  <system-out/>
</testsuite> <!-- com.class01.TittleLogoAndLoginValidation -->
